Removed Pin From Net: NetName=GND Pin=J2-1
Removed Pin From Net: NetName=NetJ2_2 Pin=J2-2
Removed Pin From Net: NetName=+12V Pin=J2-4
Removed Pin From Net: NetName=+12V Pin=J2-5
Removed Pin From Net: NetName=NetJ2_6 Pin=J2-6
Removed Pin From Net: NetName=CAN_P Pin=J2-7
Removed Pin From Net: NetName=CAN_N Pin=J2-8
Removed Pin From Net: NetName=NetJ2_11 Pin=J2-11
Removed Pin From Net: NetName=NetJ2_12 Pin=J2-12
Removed Pin From Net: NetName=NetJ2_13 Pin=J2-13
Removed Pin From Net: NetName=NetJ2_14 Pin=J2-14
Removed Pin From Net: NetName=NetJ2_16 Pin=J2-16
Removed Pin From Net: NetName=NetJ2_17 Pin=J2-17
Removed Pin From Net: NetName=NetJ2_18 Pin=J2-18
Removed Pin From Net: NetName=NetJ2_19 Pin=J2-19
Removed Pin From Net: NetName=NetJ2_21 Pin=J2-21
Removed Pin From Net: NetName=NetJ2_24 Pin=J2-24
Added Pin To Net: NetName=GND Pin=J2-4
Added Pin To Net: NetName=GND Pin=J2-5
Added Pin To Net: NetName=GND Pin=J2-6
Added Pin To Net: NetName=NetJ2_13 Pin=J2-11
Added Pin To Net: NetName=NetJ2_14 Pin=J2-12
Added Pin To Net: NetName=NetJ2_12 Pin=J2-13
Added Pin To Net: NetName=CAN_P Pin=J2-14
Added Pin To Net: NetName=CAN_N Pin=J2-15
Added Pin To Net: NetName=NetJ2_24 Pin=J2-16
Added Pin To Net: NetName=NetJ2_21 Pin=J2-17
Added Pin To Net: NetName=NetJ2_19 Pin=J2-18
Added Pin To Net: NetName=NetJ2_18 Pin=J2-19
Added Pin To Net: NetName=NetJ2_17 Pin=J2-20
Added Pin To Net: NetName=NetJ2_16 Pin=J2-21
Added Pin To Net: NetName=NetJ2_11 Pin=J2-22
Added Pin To Net: NetName=NetJ2_6 Pin=J2-23
Added Pin To Net: NetName=NetJ2_2 Pin=J2-24
Change Net Name : Old Net Name=NetJ2_2 New Net Name=NetJ2_24
Change Net Name : Old Net Name=NetJ2_6 New Net Name=NetJ2_23
Change Net Name : Old Net Name=NetJ2_11 New Net Name=NetJ2_22
Change Net Name : Old Net Name=NetJ2_12 New Net Name=NetJ2_13
Change Net Name : Old Net Name=NetJ2_13 New Net Name=NetJ2_11
Change Net Name : Old Net Name=NetJ2_14 New Net Name=NetJ2_12
Change Net Name : Old Net Name=NetJ2_16 New Net Name=NetJ2_21
Change Net Name : Old Net Name=NetJ2_17 New Net Name=NetJ2_20
Change Net Name : Old Net Name=NetJ2_18 New Net Name=NetJ2_19
Change Net Name : Old Net Name=NetJ2_19 New Net Name=NetJ2_18
Change Net Name : Old Net Name=NetJ2_21 New Net Name=NetJ2_17
Change Net Name : Old Net Name=NetJ2_24 New Net Name=NetJ2_16
Added Pin To Net: NetName=NetJ2_1 Pin=J2-1
Added Pin To Net: NetName=NetJ2_1 Pin=Ro17-2
Added Pin To Net: NetName=NetJ2_1 Pin=TP15-TP?
Added Net: Name=NetJ2_1
Added Pin To Net: NetName=NetJ2_2 Pin=J2-2
Added Pin To Net: NetName=NetJ2_2 Pin=U1-45
Added Net: Name=NetJ2_2
Added Pin To Net: NetName=NetJ2_7 Pin=J2-7
Added Pin To Net: NetName=NetJ2_7 Pin=Ro28-2
Added Pin To Net: NetName=NetJ2_7 Pin=Ro29-2
Added Net: Name=NetJ2_7
Added Pin To Net: NetName=NetJ2_8 Pin=J2-8
Added Pin To Net: NetName=NetJ2_8 Pin=Ro29-1
Added Pin To Net: NetName=NetJ2_8 Pin=Ro30-2
Added Net: Name=NetJ2_8
